\BOOKMARK [1][-]{section.1}{\376\377\000Z\000a\000d\000a\000n\000i\000e\000\040\0001}{}% 1
\BOOKMARK [2][-]{subsection.1.1}{\376\377\000O\000p\000i\000s\000\040\000M\000o\000d\000e\000l\000u}{section.1}% 2
\BOOKMARK [3][-]{subsubsection.1.1.1}{\376\377\000Z\000m\000i\000e\000n\000n\000e\000\040\000d\000e\000c\000y\000z\000y\000j\000n\000e}{subsection.1.1}% 3
\BOOKMARK [3][-]{subsubsection.1.1.2}{\376\377\000O\000g\000r\000a\000n\000i\000c\000z\000e\000n\000i\000a}{subsection.1.1}% 4
\BOOKMARK [3][-]{subsubsection.1.1.3}{\376\377\000F\000u\000n\000k\000c\000j\000a\000\040\000c\000e\000l\000u}{subsection.1.1}% 5
\BOOKMARK [2][-]{subsection.1.2}{\376\377\000W\000y\000n\000i\000k\000i\000\040\000i\000\040\000i\000n\000t\000e\000r\000p\000r\000e\000t\000a\000c\000j\000a}{section.1}% 6
\BOOKMARK [1][-]{section.2}{\376\377\000Z\000a\000d\000a\000n\000i\000e\000\040\0002}{}% 7
\BOOKMARK [2][-]{subsection.2.1}{\376\377\000O\000p\000i\000s\000\040\000M\000o\000d\000e\000l\000u}{section.2}% 8
\BOOKMARK [3][-]{subsubsection.2.1.1}{\376\377\000Z\000m\000i\000e\000n\000n\000e\000\040\000d\000e\000c\000y\000z\000y\000j\000n\000e}{subsection.2.1}% 9
\BOOKMARK [3][-]{subsubsection.2.1.2}{\376\377\000O\000g\000r\000a\000n\000i\000c\000z\000e\000n\000i\000a}{subsection.2.1}% 10
\BOOKMARK [3][-]{subsubsection.2.1.3}{\376\377\000F\000u\000n\000k\000c\000j\000a\000\040\000c\000e\000l\000u}{subsection.2.1}% 11
\BOOKMARK [2][-]{subsection.2.2}{\376\377\000W\000y\000n\000i\000k\000i\000\040\000i\000\040\000i\000n\000t\000e\000r\000p\000r\000e\000t\000a\000c\000j\000a}{section.2}% 12
\BOOKMARK [1][-]{section.3}{\376\377\000Z\000a\000d\000a\000n\000i\000e\000\040\0003}{}% 13
\BOOKMARK [2][-]{subsection.3.1}{\376\377\000O\000p\000i\000s\000\040\000M\000o\000d\000e\000l\000u}{section.3}% 14
\BOOKMARK [3][-]{subsubsection.3.1.1}{\376\377\000Z\000m\000i\000e\000n\000n\000e\000\040\000d\000e\000c\000y\000z\000y\000j\000n\000e}{subsection.3.1}% 15
\BOOKMARK [3][-]{subsubsection.3.1.2}{\376\377\000O\000g\000r\000a\000n\000i\000c\000z\000e\000n\000i\000a}{subsection.3.1}% 16
\BOOKMARK [3][-]{subsubsection.3.1.3}{\376\377\000F\000u\000n\000k\000c\000j\000a\000\040\000c\000e\000l\000u}{subsection.3.1}% 17
\BOOKMARK [2][-]{subsection.3.2}{\376\377\000W\000y\000n\000i\000k\000i\000\040\000i\000\040\000i\000n\000t\000e\000r\000p\000r\000e\000t\000a\000c\000j\000a}{section.3}% 18
\BOOKMARK [1][-]{section.4}{\376\377\000Z\000a\000d\000a\000n\000i\000e\000\040\0004}{}% 19
\BOOKMARK [2][-]{subsection.4.1}{\376\377\000O\000p\000i\000s\000\040\000M\000o\000d\000e\000l\000u}{section.4}% 20
\BOOKMARK [3][-]{subsubsection.4.1.1}{\376\377\000Z\000m\000i\000e\000n\000n\000e\000\040\000d\000e\000c\000y\000z\000y\000j\000n\000e}{subsection.4.1}% 21
\BOOKMARK [3][-]{subsubsection.4.1.2}{\376\377\000O\000g\000r\000a\000n\000i\000c\000z\000e\000n\000i\000a}{subsection.4.1}% 22
\BOOKMARK [3][-]{subsubsection.4.1.3}{\376\377\000F\000u\000n\000k\000c\000j\000a\000\040\000c\000e\000l\000u}{subsection.4.1}% 23
\BOOKMARK [2][-]{subsection.4.2}{\376\377\000W\000y\000n\000i\000k\000i\000\040\000i\000\040\000i\000n\000t\000e\000r\000p\000r\000e\000t\000a\000c\000j\000a}{section.4}% 24
